0 info it worked if it ends with ok
1 verbose cli [ 'node', '/usr/local/bin/npm', 'remove', 'hjs' ]
2 info using npm@1.4.28
3 info using node@v0.10.32
4 verbose node_modules/hjs unbuild
5 info preuninstall hjs@0.0.6
6 info uninstall hjs@0.0.6
7 verbose true,/Users/simondavies/Projects/ProjectScaffold/node_modules,/Users/simondavies/Projects/ProjectScaffold/node_modules unbuild hjs@0.0.6
8 info postuninstall hjs@0.0.6
9 error Error: EACCES, unlink '/Users/simondavies/Projects/ProjectScaffold/node_modules/hjs/node_modules/.bin/hulk'
9 error  { [Error: EACCES, unlink '/Users/simondavies/Projects/ProjectScaffold/node_modules/hjs/node_modules/.bin/hulk']
9 error   errno: 3,
9 error   code: 'EACCES',
9 error   path: '/Users/simondavies/Projects/ProjectScaffold/node_modules/hjs/node_modules/.bin/hulk' }
10 error Please try running this command again as root/Administrator.
11 error System Darwin 13.3.0
12 error command "node" "/usr/local/bin/npm" "remove" "hjs"
13 error cwd /Users/simondavies/Projects/ProjectScaffold
14 error node -v v0.10.32
15 error npm -v 1.4.28
16 error path /Users/simondavies/Projects/ProjectScaffold/node_modules/hjs/node_modules/.bin/hulk
17 error code EACCES
18 error errno 3
19 error stack Error: EACCES, unlink '/Users/simondavies/Projects/ProjectScaffold/node_modules/hjs/node_modules/.bin/hulk'
20 verbose exit [ 3, true ]
